<?xml version="1.0" encoding="UTF-8"?>
<!-- Generated by org.testng.reporters.JUnitReportReporter -->
<testsuite skipped="0" hostname="LAPTOP-RPUU8HUK" name="DriverFactory.TestScript" tests="2" failures="0" timestamp="26 Sep 2019 05:28:12 GMT" time="136.067" errors="0">
  <testcase name="Empcre" time="65.589" classname="DriverFactory.TestScript"/>
  <testcase name="Usercre" time="70.478" classname="DriverFactory.TestScript"/>
</testsuite> <!-- DriverFactory.TestScript -->
