<?xml version="1.0" encoding="UTF-8"?>
<!-- Generated by org.testng.reporters.JUnitReportReporter -->
<testsuite skipped="0" hostname="LAPTOP-RPUU8HUK" name="DriverFactory.DriverScript" tests="1" failures="0" timestamp="26 Sep 2019 05:28:12 GMT" time="85.289" errors="0">
  <testcase name="primusbank" time="85.289" classname="DriverFactory.DriverScript"/>
</testsuite> <!-- DriverFactory.DriverScript -->
