<?xml version="1.0" encoding="UTF-8"?>
<!-- Generated by org.testng.reporters.JUnitReportReporter -->
<testsuite skipped="0" hostname="LAPTOP-RPUU8HUK" name="DriverFactory.DataDrivenFramework" tests="1" failures="0" timestamp="26 Sep 2019 05:28:12 GMT" time="98.911" errors="0">
  <testcase name="empcreation" time="98.911" classname="DriverFactory.DataDrivenFramework"/>
</testsuite> <!-- DriverFactory.DataDrivenFramework -->
